<?xml version="1.0" encoding="UTF-8"?>
<testng-results skipped="0" failed="0" ignored="0" total="1" passed="1">
  <reporter-output>
  </reporter-output>
  <suite name="Default suite" duration-ms="77" started-at="2021-06-23T17:11:59 CDT" finished-at="2021-06-23T17:12:00 CDT">
    <groups>
    </groups>
    <test name="Default test" duration-ms="77" started-at="2021-06-23T17:11:59 CDT" finished-at="2021-06-23T17:12:00 CDT">
      <class name="OnlineTest.dupharMap">
        <test-method status="PASS" signature="countVowelsInAString()[pri:3, instance:OnlineTest.dupharMap@2b2948e2]" name="countVowelsInAString" duration-ms="14" started-at="2021-06-23T17:12:00 CDT" finished-at="2021-06-23T17:12:00 CDT">
          <reporter-output>
          </reporter-output>
        </test-method> <!-- countVowelsInAString -->
      </class> <!-- OnlineTest.dupharMap -->
    </test> <!-- Default test -->
  </suite> <!-- Default suite -->
</testng-results>
